<?xml version="1.0" encoding="UTF-8" ?>
<testsuite failures="0" time="1.615" errors="0" skipped="0" tests="4" name="br.scrumban.VendaDAOTest">
  <properties>
[...]
</properties>
  <testcase time="0.188" classname="br.scrumban.VendaDAOTest" name="testarBuscarTotalDeVendasPorVendedorToledoEm2011DeveRetornar200Reais"/>
  <testcase time="0.034" classname="br.scrumban.VendaDAOTest" name="testarBuscarTotalDeVendasPorVendedorToledoEm2010DeveRetornar300Reais"/>
  <testcase time="0.038" classname="br.scrumban.VendaDAOTest" name="testarBuscarTotalDeVendasPorVendedorMagnoEm2010DeveRetornar0Reais"/>
  <testcase time="0.029" classname="br.scrumban.VendaDAOTest" name="testarBuscarTotalDeVendasPorVendedorMagnoEm2008DeveRetornar500Reais"/>
</testsuite>